2015-06-27 14:56:24,679 [Thread-14] ERROR StackTrace  - Full Stack Trace:
java.lang.NullPointerException: Cannot get property 'cacheOperationSource' on null object
	at org.codehaus.groovy.runtime.NullObject.getProperty(NullObject.java:57)
	at org.codehaus.groovy.runtime.InvokerHelper.getProperty(InvokerHelper.java:168)
	at org.codehaus.groovy.runtime.callsite.NullCallSite.getProperty(NullCallSite.java:44)
	at org.codehaus.groovy.runtime.callsite.AbstractCallSite.callGetProperty(AbstractCallSite.java:227)
	at CacheGrailsPlugin$_closure4.doCall(CacheGrailsPlugin.groovy:184)
	at sun.reflect.NativeMethodAccessorImpl.invoke0(Native Method)
	at sun.reflect.NativeMethodAccessorImpl.invoke(NativeMethodAccessorImpl.java:57)
	at sun.reflect.DelegatingMethodAccessorImpl.invoke(DelegatingMethodAccessorImpl.java:43)
	at java.lang.reflect.Method.invoke(Method.java:601)
	at org.springsource.loaded.ri.ReflectiveInterceptor.jlrMethodInvoke(ReflectiveInterceptor.java:1270)
	at org.codehaus.groovy.reflection.CachedMethod.invoke(CachedMethod.java:90)
	at groovy.lang.MetaMethod.doMethodInvoke(MetaMethod.java:324)
	at groovy.lang.MetaClassImpl.invokeMethod(MetaClassImpl.java:1207)
	at groovy.lang.ExpandoMetaClass.invokeMethod(ExpandoMetaClass.java:1110)
	at groovy.lang.MetaClassImpl.invokeMethod(MetaClassImpl.java:1016)
	at groovy.lang.Closure.call(Closure.java:423)
	at CacheGrailsPlugin$_closure4.call(CacheGrailsPlugin.groovy)
	at org.codehaus.groovy.grails.plugins.DefaultGrailsPlugin.invokeOnChangeListener(DefaultGrailsPlugin.java:767)
	at org.codehaus.groovy.grails.plugins.DefaultGrailsPlugin.notifyOfEvent(DefaultGrailsPlugin.java:716)
	at org.codehaus.groovy.grails.plugins.DefaultGrailsPluginManager.informObservers(DefaultGrailsPluginManager.java:242)
	at org.codehaus.groovy.grails.plugins.DefaultGrailsPlugin.notifyOfEvent(DefaultGrailsPlugin.java:732)
	at org.codehaus.groovy.grails.plugins.AbstractGrailsPluginManager.informOfClassChange(AbstractGrailsPluginManager.java:408)
	at org.codehaus.groovy.grails.plugins.AbstractGrailsPluginManager.informOfFileChange(AbstractGrailsPluginManager.java:366)
	at org.codehaus.groovy.grails.project.compiler.GrailsProjectWatcher.informPluginManager(GrailsProjectWatcher.java:226)
	at org.codehaus.groovy.grails.project.compiler.GrailsProjectWatcher.access$400(GrailsProjectWatcher.java:48)
	at org.codehaus.groovy.grails.project.compiler.GrailsProjectWatcher$1.onNew(GrailsProjectWatcher.java:152)
	at org.codehaus.groovy.grails.compiler.AbstractDirectoryWatcher.fireOnNew(AbstractDirectoryWatcher.java:76)
	at org.codehaus.groovy.grails.compiler.WatchServiceDirectoryWatcher.run(WatchServiceDirectoryWatcher.java:95)
	at org.codehaus.groovy.grails.compiler.DirectoryWatcher.run(DirectoryWatcher.java:154)
	at org.codehaus.groovy.grails.project.compiler.GrailsProjectWatcher.run(GrailsProjectWatcher.java:161)
2015-06-27 14:56:24,682 [Thread-14] ERROR StackTrace  - Full Stack Trace:
java.lang.NullPointerException: Cannot get property 'cacheOperationSource' on null object
	at CacheGrailsPlugin$_closure4.doCall(CacheGrailsPlugin.groovy:184)
2015-06-27 14:56:24,682 [Thread-14] ERROR StackTrace  - Full Stack Trace:
java.lang.NullPointerException: Cannot get property 'cacheOperationSource' on null object
	at CacheGrailsPlugin$_closure4.doCall(CacheGrailsPlugin.groovy:184)
2015-06-27 14:56:24,682 [Thread-14] ERROR StackTrace  - Full Stack Trace:
java.lang.NullPointerException: Cannot get property 'cacheOperationSource' on null object
	at CacheGrailsPlugin$_closure4.doCall(CacheGrailsPlugin.groovy:184)
2015-06-27 14:57:32,435 [Thread-14] ERROR StackTrace  - Full Stack Trace:
java.lang.NullPointerException: Cannot get property 'cacheOperationSource' on null object
	at org.codehaus.groovy.runtime.NullObject.getProperty(NullObject.java:57)
	at org.codehaus.groovy.runtime.InvokerHelper.getProperty(InvokerHelper.java:168)
	at org.codehaus.groovy.runtime.callsite.NullCallSite.getProperty(NullCallSite.java:44)
	at org.codehaus.groovy.runtime.callsite.AbstractCallSite.callGetProperty(AbstractCallSite.java:227)
	at CacheGrailsPlugin$_closure4.doCall(CacheGrailsPlugin.groovy:184)
	at sun.reflect.NativeMethodAccessorImpl.invoke0(Native Method)
	at sun.reflect.NativeMethodAccessorImpl.invoke(NativeMethodAccessorImpl.java:57)
	at sun.reflect.DelegatingMethodAccessorImpl.invoke(DelegatingMethodAccessorImpl.java:43)
	at java.lang.reflect.Method.invoke(Method.java:601)
	at org.springsource.loaded.ri.ReflectiveInterceptor.jlrMethodInvoke(ReflectiveInterceptor.java:1270)
	at org.codehaus.groovy.reflection.CachedMethod.invoke(CachedMethod.java:90)
	at groovy.lang.MetaMethod.doMethodInvoke(MetaMethod.java:324)
	at groovy.lang.MetaClassImpl.invokeMethod(MetaClassImpl.java:1207)
	at groovy.lang.ExpandoMetaClass.invokeMethod(ExpandoMetaClass.java:1110)
	at groovy.lang.MetaClassImpl.invokeMethod(MetaClassImpl.java:1016)
	at groovy.lang.Closure.call(Closure.java:423)
	at CacheGrailsPlugin$_closure4.call(CacheGrailsPlugin.groovy)
	at org.codehaus.groovy.grails.plugins.DefaultGrailsPlugin.invokeOnChangeListener(DefaultGrailsPlugin.java:767)
	at org.codehaus.groovy.grails.plugins.DefaultGrailsPlugin.notifyOfEvent(DefaultGrailsPlugin.java:716)
	at org.codehaus.groovy.grails.plugins.DefaultGrailsPluginManager.informObservers(DefaultGrailsPluginManager.java:242)
	at org.codehaus.groovy.grails.plugins.DefaultGrailsPlugin.notifyOfEvent(DefaultGrailsPlugin.java:732)
	at org.codehaus.groovy.grails.plugins.AbstractGrailsPluginManager.informOfClassChange(AbstractGrailsPluginManager.java:408)
	at org.codehaus.groovy.grails.plugins.AbstractGrailsPluginManager.informOfFileChange(AbstractGrailsPluginManager.java:366)
	at org.codehaus.groovy.grails.project.compiler.GrailsProjectWatcher.informPluginManager(GrailsProjectWatcher.java:226)
	at org.codehaus.groovy.grails.project.compiler.GrailsProjectWatcher.access$400(GrailsProjectWatcher.java:48)
	at org.codehaus.groovy.grails.project.compiler.GrailsProjectWatcher$1.onNew(GrailsProjectWatcher.java:152)
	at org.codehaus.groovy.grails.compiler.AbstractDirectoryWatcher.fireOnNew(AbstractDirectoryWatcher.java:76)
	at org.codehaus.groovy.grails.compiler.WatchServiceDirectoryWatcher.run(WatchServiceDirectoryWatcher.java:95)
	at org.codehaus.groovy.grails.compiler.DirectoryWatcher.run(DirectoryWatcher.java:154)
	at org.codehaus.groovy.grails.project.compiler.GrailsProjectWatcher.run(GrailsProjectWatcher.java:161)
2015-06-27 14:57:32,435 [Thread-14] ERROR StackTrace  - Full Stack Trace:
java.lang.NullPointerException: Cannot get property 'cacheOperationSource' on null object
	at CacheGrailsPlugin$_closure4.doCall(CacheGrailsPlugin.groovy:184)
2015-06-27 14:57:32,435 [Thread-14] ERROR StackTrace  - Full Stack Trace:
java.lang.NullPointerException: Cannot get property 'cacheOperationSource' on null object
	at CacheGrailsPlugin$_closure4.doCall(CacheGrailsPlugin.groovy:184)
2015-06-27 14:57:32,435 [Thread-14] ERROR StackTrace  - Full Stack Trace:
java.lang.NullPointerException: Cannot get property 'cacheOperationSource' on null object
	at CacheGrailsPlugin$_closure4.doCall(CacheGrailsPlugin.groovy:184)
2015-06-27 14:57:38,004 [Thread-14] ERROR StackTrace  - Full Stack Trace:
groovy.lang.MissingPropertyException: No such property: RegisterMarshallers for class: resources
	at org.codehaus.groovy.runtime.ScriptBytecodeAdapter.unwrap(ScriptBytecodeAdapter.java:51)
	at org.codehaus.groovy.runtime.callsite.PogoGetPropertySite.getProperty(PogoGetPropertySite.java:49)
	at org.codehaus.groovy.runtime.callsite.AbstractCallSite.callGroovyObjectGetProperty(AbstractCallSite.java:231)
	at resources$_run_closure1.doCall(resources.groovy:3)
	at resources$_run_closure1.doCall(resources.groovy)
	at sun.reflect.NativeMethodAccessorImpl.invoke0(Native Method)
	at sun.reflect.NativeMethodAccessorImpl.invoke(NativeMethodAccessorImpl.java:57)
	at sun.reflect.DelegatingMethodAccessorImpl.invoke(DelegatingMethodAccessorImpl.java:43)
	at java.lang.reflect.Method.invoke(Method.java:601)
	at org.springsource.loaded.ri.ReflectiveInterceptor.jlrMethodInvoke(ReflectiveInterceptor.java:1270)
	at org.codehaus.groovy.reflection.CachedMethod.invoke(CachedMethod.java:90)
	at groovy.lang.MetaMethod.doMethodInvoke(MetaMethod.java:324)
	at groovy.lang.MetaClassImpl.invokeMethod(MetaClassImpl.java:1207)
	at groovy.lang.ExpandoMetaClass.invokeMethod(ExpandoMetaClass.java:1110)
	at groovy.lang.MetaClassImpl.invokeMethod(MetaClassImpl.java:1016)
	at groovy.lang.Closure.call(Closure.java:423)
	at resources$_run_closure1.call(resources.groovy)
	at groovy.lang.Closure.call(Closure.java:417)
	at resources$_run_closure1.call(resources.groovy)
	at grails.spring.BeanBuilder.invokeBeanDefiningClosure(BeanBuilder.java:754)
	at grails.spring.BeanBuilder.beans(BeanBuilder.java:584)
	at org.codehaus.groovy.grails.commons.spring.RuntimeSpringConfigUtilities.reloadSpringResourcesConfig(RuntimeSpringConfigUtilities.java:99)
	at org.codehaus.groovy.grails.commons.spring.RuntimeSpringConfigUtilities$reloadSpringResourcesConfig.call(Unknown Source)
	at org.codehaus.groovy.runtime.callsite.CallSiteArray.defaultCall(CallSiteArray.java:45)
	at org.codehaus.groovy.runtime.callsite.AbstractCallSite.call(AbstractCallSite.java:108)
	at org.codehaus.groovy.runtime.callsite.AbstractCallSite.call(AbstractCallSite.java:124)
	at org.codehaus.groovy.grails.plugins.CoreGrailsPlugin$_closure3.doCall(CoreGrailsPlugin.groovy:171)
	at sun.reflect.NativeMethodAccessorImpl.invoke0(Native Method)
	at sun.reflect.NativeMethodAccessorImpl.invoke(NativeMethodAccessorImpl.java:57)
	at sun.reflect.DelegatingMethodAccessorImpl.invoke(DelegatingMethodAccessorImpl.java:43)
	at java.lang.reflect.Method.invoke(Method.java:601)
	at org.springsource.loaded.ri.ReflectiveInterceptor.jlrMethodInvoke(ReflectiveInterceptor.java:1270)
	at org.codehaus.groovy.reflection.CachedMethod.invoke(CachedMethod.java:90)
	at groovy.lang.MetaMethod.doMethodInvoke(MetaMethod.java:324)
	at groovy.lang.MetaClassImpl.invokeMethod(MetaClassImpl.java:1207)
	at groovy.lang.ExpandoMetaClass.invokeMethod(ExpandoMetaClass.java:1110)
	at groovy.lang.MetaClassImpl.invokeMethod(MetaClassImpl.java:1016)
	at groovy.lang.Closure.call(Closure.java:423)
	at org.codehaus.groovy.grails.plugins.DefaultGrailsPlugin.invokeOnChangeListener(DefaultGrailsPlugin.java:767)
	at org.codehaus.groovy.grails.plugins.DefaultGrailsPlugin.notifyOfEvent(DefaultGrailsPlugin.java:716)
	at org.codehaus.groovy.grails.plugins.DefaultGrailsPlugin.notifyOfEvent(DefaultGrailsPlugin.java:731)
	at org.codehaus.groovy.grails.plugins.AbstractGrailsPluginManager.informOfClassChange(AbstractGrailsPluginManager.java:408)
	at org.codehaus.groovy.grails.plugins.AbstractGrailsPluginManager.informOfFileChange(AbstractGrailsPluginManager.java:366)
	at org.codehaus.groovy.grails.project.compiler.GrailsProjectWatcher.informPluginManager(GrailsProjectWatcher.java:226)
	at org.codehaus.groovy.grails.project.compiler.GrailsProjectWatcher.access$400(GrailsProjectWatcher.java:48)
	at org.codehaus.groovy.grails.project.compiler.GrailsProjectWatcher$1.onNew(GrailsProjectWatcher.java:152)
	at org.codehaus.groovy.grails.compiler.AbstractDirectoryWatcher.fireOnNew(AbstractDirectoryWatcher.java:76)
	at org.codehaus.groovy.grails.compiler.WatchServiceDirectoryWatcher.run(WatchServiceDirectoryWatcher.java:78)
	at org.codehaus.groovy.grails.compiler.DirectoryWatcher.run(DirectoryWatcher.java:154)
	at org.codehaus.groovy.grails.project.compiler.GrailsProjectWatcher.run(GrailsProjectWatcher.java:161)
2015-06-27 14:57:38,005 [Thread-14] ERROR StackTrace  - Full Stack Trace:
groovy.lang.MissingPropertyException: No such property: RegisterMarshallers for class: resources
	at resources$_run_closure1.doCall(resources.groovy:3)
	at grails.spring.BeanBuilder.invokeBeanDefiningClosure(BeanBuilder.java:754)
	at grails.spring.BeanBuilder.beans(BeanBuilder.java:584)
2015-06-27 14:57:38,006 [Thread-14] ERROR StackTrace  - Full Stack Trace:
groovy.lang.MissingPropertyException: No such property: RegisterMarshallers for class: resources
	at resources$_run_closure1.doCall(resources.groovy:3)
	at grails.spring.BeanBuilder.invokeBeanDefiningClosure(BeanBuilder.java:754)
	at grails.spring.BeanBuilder.beans(BeanBuilder.java:584)
2015-06-27 14:57:38,007 [Thread-14] ERROR StackTrace  - Full Stack Trace:
groovy.lang.MissingPropertyException: No such property: RegisterMarshallers for class: resources
	at resources$_run_closure1.doCall(resources.groovy:3)
	at grails.spring.BeanBuilder.invokeBeanDefiningClosure(BeanBuilder.java:754)
	at grails.spring.BeanBuilder.beans(BeanBuilder.java:584)
2015-06-27 14:57:38,280 [Thread-8] ERROR StackTrace  - Full Stack Trace:
groovy.lang.MissingPropertyException: No such property: RegisterMarshallers for class: resources
	at org.codehaus.groovy.runtime.ScriptBytecodeAdapter.unwrap(ScriptBytecodeAdapter.java:51)
	at org.codehaus.groovy.runtime.callsite.PogoGetPropertySite.getProperty(PogoGetPropertySite.java:49)
	at org.codehaus.groovy.runtime.callsite.AbstractCallSite.callGroovyObjectGetProperty(AbstractCallSite.java:231)
	at resources$_run_closure1$$EPGncaSe.doCall(resources.groovy:3)
	at resources$_run_closure1$$DPGncaSe.doCall(Unknown Source)
	at resources$_run_closure1.doCall(resources.groovy)
	at resources$_run_closure1$$EPGncaSe.doCall(resources.groovy)
	at sun.reflect.NativeMethodAccessorImpl.invoke0(Native Method)
	at sun.reflect.NativeMethodAccessorImpl.invoke(NativeMethodAccessorImpl.java:57)
	at sun.reflect.DelegatingMethodAccessorImpl.invoke(DelegatingMethodAccessorImpl.java:43)
	at java.lang.reflect.Method.invoke(Method.java:601)
	at org.springsource.loaded.ri.ReloadedTypeInvoker$2.invoke(ReloadedTypeInvoker.java:122)
	at org.springsource.loaded.ri.ReflectiveInterceptor.jlrMethodInvoke(ReflectiveInterceptor.java:1299)
	at org.codehaus.groovy.reflection.CachedMethod.invoke(CachedMethod.java:90)
	at groovy.lang.MetaMethod.doMethodInvoke(MetaMethod.java:324)
	at groovy.lang.MetaClassImpl.invokeMethod(MetaClassImpl.java:1207)
	at groovy.lang.ExpandoMetaClass.invokeMethod(ExpandoMetaClass.java:1110)
	at groovy.lang.MetaClassImpl.invokeMethod(MetaClassImpl.java:1016)
	at groovy.lang.Closure.call(Closure.java:423)
	at resources$_run_closure1.call(resources.groovy)
	at groovy.lang.Closure.call(Closure.java:417)
	at resources$_run_closure1.call(resources.groovy)
	at grails.spring.BeanBuilder.invokeBeanDefiningClosure(BeanBuilder.java:754)
	at grails.spring.BeanBuilder.beans(BeanBuilder.java:584)
	at org.codehaus.groovy.grails.commons.spring.RuntimeSpringConfigUtilities.reloadSpringResourcesConfig(RuntimeSpringConfigUtilities.java:99)
	at org.codehaus.groovy.grails.commons.spring.RuntimeSpringConfigUtilities$reloadSpringResourcesConfig.call(Unknown Source)
	at org.codehaus.groovy.runtime.callsite.CallSiteArray.defaultCall(CallSiteArray.java:45)
	at org.codehaus.groovy.runtime.callsite.AbstractCallSite.call(AbstractCallSite.java:108)
	at org.codehaus.groovy.runtime.callsite.AbstractCallSite.call(AbstractCallSite.java:124)
	at org.codehaus.groovy.grails.plugins.CoreGrailsPlugin$_closure3.doCall(CoreGrailsPlugin.groovy:171)
	at sun.reflect.NativeMethodAccessorImpl.invoke0(Native Method)
	at sun.reflect.NativeMethodAccessorImpl.invoke(NativeMethodAccessorImpl.java:57)
	at sun.reflect.DelegatingMethodAccessorImpl.invoke(DelegatingMethodAccessorImpl.java:43)
	at java.lang.reflect.Method.invoke(Method.java:601)
	at org.springsource.loaded.ri.ReflectiveInterceptor.jlrMethodInvoke(ReflectiveInterceptor.java:1276)
	at org.codehaus.groovy.reflection.CachedMethod.invoke(CachedMethod.java:90)
	at groovy.lang.MetaMethod.doMethodInvoke(MetaMethod.java:324)
	at groovy.lang.MetaClassImpl.invokeMethod(MetaClassImpl.java:1207)
	at groovy.lang.ExpandoMetaClass.invokeMethod(ExpandoMetaClass.java:1110)
	at groovy.lang.MetaClassImpl.invokeMethod(MetaClassImpl.java:1016)
	at groovy.lang.Closure.call(Closure.java:423)
	at org.codehaus.groovy.grails.plugins.DefaultGrailsPlugin.invokeOnChangeListener(DefaultGrailsPlugin.java:767)
	at org.codehaus.groovy.grails.plugins.DefaultGrailsPlugin.notifyOfEvent(DefaultGrailsPlugin.java:716)
	at org.codehaus.groovy.grails.plugins.DefaultGrailsPlugin.notifyOfEvent(DefaultGrailsPlugin.java:731)
	at org.codehaus.groovy.grails.plugins.AbstractGrailsPluginManager.informOfClassChange(AbstractGrailsPluginManager.java:408)
	at org.codehaus.groovy.grails.plugins.AbstractGrailsPluginManager.informOfFileChange(AbstractGrailsPluginManager.java:366)
	at org.codehaus.groovy.grails.project.compiler.GrailsProjectWatcher.informPluginManager(GrailsProjectWatcher.java:226)
	at org.codehaus.groovy.grails.project.compiler.GrailsProjectWatcher.access$400(GrailsProjectWatcher.java:48)
	at org.codehaus.groovy.grails.project.compiler.GrailsProjectWatcher$1.onNew(GrailsProjectWatcher.java:152)
	at org.codehaus.groovy.grails.compiler.AbstractDirectoryWatcher.fireOnNew(AbstractDirectoryWatcher.java:76)
	at org.codehaus.groovy.grails.compiler.WatchServiceDirectoryWatcher.run(WatchServiceDirectoryWatcher.java:78)
	at org.codehaus.groovy.grails.compiler.DirectoryWatcher.run(DirectoryWatcher.java:154)
	at org.codehaus.groovy.grails.project.compiler.GrailsProjectWatcher.run(GrailsProjectWatcher.java:161)
	at java_lang_Runnable$run.call(Unknown Source)
	at org.codehaus.groovy.runtime.callsite.CallSiteArray.defaultCall(CallSiteArray.java:45)
	at org.codehaus.groovy.runtime.callsite.AbstractCallSite.call(AbstractCallSite.java:108)
	at org.codehaus.groovy.runtime.callsite.AbstractCallSite.call(AbstractCallSite.java:112)
	at org.codehaus.groovy.grails.cli.fork.ForkedGrailsProcess.startProjectWatcher(ForkedGrailsProcess.groovy:748)
	at sun.reflect.NativeMethodAccessorImpl.invoke0(Native Method)
	at sun.reflect.NativeMethodAccessorImpl.invoke(NativeMethodAccessorImpl.java:57)
	at sun.reflect.DelegatingMethodAccessorImpl.invoke(DelegatingMethodAccessorImpl.java:43)
	at java.lang.reflect.Method.invoke(Method.java:601)
	at org.springsource.loaded.ri.ReflectiveInterceptor.jlrMethodInvoke(ReflectiveInterceptor.java:1270)
	at org.codehaus.groovy.reflection.CachedMethod.invoke(CachedMethod.java:90)
	at groovy.lang.MetaMethod.doMethodInvoke(MetaMethod.java:324)
	at groovy.lang.MetaClassImpl.invokeMethod(MetaClassImpl.java:1207)
	at groovy.lang.MetaClassImpl.invokeMethod(MetaClassImpl.java:1016)
	at groovy.lang.MetaClassImpl.invokeMethod(MetaClassImpl.java:1152)
	at groovy.lang.ExpandoMetaClass.invokeMethod(ExpandoMetaClass.java:1110)
	at groovy.lang.MetaClassImpl.invokeMethod(MetaClassImpl.java:1016)
	at org.codehaus.groovy.runtime.callsite.PogoMetaClassSite.callCurrent(PogoMetaClassSite.java:66)
	at org.codehaus.groovy.runtime.callsite.CallSiteArray.defaultCallCurrent(CallSiteArray.java:49)
	at org.codehaus.groovy.runtime.callsite.AbstractCallSite.callCurrent(AbstractCallSite.java:133)
	at org.codehaus.groovy.runtime.callsite.AbstractCallSite.callCurrent(AbstractCallSite.java:145)
	at org.codehaus.groovy.grails.cli.fork.ForkedGrailsProcess$_setupReloading_closure17.doCall(ForkedGrailsProcess.groovy:737)
	at org.codehaus.groovy.grails.cli.fork.ForkedGrailsProcess$_setupReloading_closure17.doCall(ForkedGrailsProcess.groovy)
	at sun.reflect.NativeMethodAccessorImpl.invoke0(Native Method)
	at sun.reflect.NativeMethodAccessorImpl.invoke(NativeMethodAccessorImpl.java:57)
	at sun.reflect.DelegatingMethodAccessorImpl.invoke(DelegatingMethodAccessorImpl.java:43)
	at java.lang.reflect.Method.invoke(Method.java:601)
	at org.springsource.loaded.ri.ReflectiveInterceptor.jlrMethodInvoke(ReflectiveInterceptor.java:1270)
	at org.codehaus.groovy.reflection.CachedMethod.invoke(CachedMethod.java:90)
	at groovy.lang.MetaMethod.doMethodInvoke(MetaMethod.java:324)
	at groovy.lang.MetaClassImpl.invokeMethod(MetaClassImpl.java:1207)
	at groovy.lang.ExpandoMetaClass.invokeMethod(ExpandoMetaClass.java:1110)
	at groovy.lang.MetaClassImpl.invokeMethod(MetaClassImpl.java:1016)
	at groovy.lang.Closure.call(Closure.java:423)
	at groovy.lang.Closure.call(Closure.java:417)
	at groovy.lang.Closure.run(Closure.java:504)
	at java.lang.Thread.run(Thread.java:722)
2015-06-27 14:57:38,283 [Thread-8] ERROR StackTrace  - Full Stack Trace:
groovy.lang.MissingPropertyException: No such property: RegisterMarshallers for class: resources
	at resources$_run_closure1$$EPGncaSe.doCall(resources.groovy:3)
	at grails.spring.BeanBuilder.invokeBeanDefiningClosure(BeanBuilder.java:754)
	at grails.spring.BeanBuilder.beans(BeanBuilder.java:584)
	at java.lang.Thread.run(Thread.java:722)
2015-06-27 14:57:38,285 [Thread-8] ERROR StackTrace  - Full Stack Trace:
groovy.lang.MissingPropertyException: No such property: RegisterMarshallers for class: resources
	at resources$_run_closure1$$EPGncaSe.doCall(resources.groovy:3)
	at grails.spring.BeanBuilder.invokeBeanDefiningClosure(BeanBuilder.java:754)
	at grails.spring.BeanBuilder.beans(BeanBuilder.java:584)
	at java.lang.Thread.run(Thread.java:722)
2015-06-27 14:57:38,286 [Thread-8] ERROR StackTrace  - Full Stack Trace:
groovy.lang.MissingPropertyException: No such property: RegisterMarshallers for class: resources
	at resources$_run_closure1$$EPGncaSe.doCall(resources.groovy:3)
	at grails.spring.BeanBuilder.invokeBeanDefiningClosure(BeanBuilder.java:754)
	at grails.spring.BeanBuilder.beans(BeanBuilder.java:584)
	at java.lang.Thread.run(Thread.java:722)
2015-06-27 14:57:59,167 [localhost-startStop-1] ERROR StackTrace  - Full Stack Trace:
groovy.lang.MissingPropertyException: No such property: RegisterMarshallers for class: resources
	at org.codehaus.groovy.runtime.ScriptBytecodeAdapter.unwrap(ScriptBytecodeAdapter.java:51)
	at org.codehaus.groovy.runtime.callsite.PogoGetPropertySite.getProperty(PogoGetPropertySite.java:49)
	at org.codehaus.groovy.runtime.callsite.AbstractCallSite.callGroovyObjectGetProperty(AbstractCallSite.java:231)
	at resources$_run_closure1.doCall(resources.groovy:3)
	at resources$_run_closure1.doCall(resources.groovy)
	at sun.reflect.NativeMethodAccessorImpl.invoke0(Native Method)
	at sun.reflect.NativeMethodAccessorImpl.invoke(NativeMethodAccessorImpl.java:57)
	at sun.reflect.DelegatingMethodAccessorImpl.invoke(DelegatingMethodAccessorImpl.java:43)
	at java.lang.reflect.Method.invoke(Method.java:601)
	at org.springsource.loaded.ri.ReflectiveInterceptor.jlrMethodInvoke(ReflectiveInterceptor.java:1270)
	at org.codehaus.groovy.reflection.CachedMethod.invoke(CachedMethod.java:90)
	at groovy.lang.MetaMethod.doMethodInvoke(MetaMethod.java:324)
	at groovy.lang.MetaClassImpl.invokeMethod(MetaClassImpl.java:1207)
	at groovy.lang.ExpandoMetaClass.invokeMethod(ExpandoMetaClass.java:1110)
	at groovy.lang.MetaClassImpl.invokeMethod(MetaClassImpl.java:1016)
	at groovy.lang.Closure.call(Closure.java:423)
	at resources$_run_closure1.call(resources.groovy)
	at groovy.lang.Closure.call(Closure.java:417)
	at resources$_run_closure1.call(resources.groovy)
	at grails.spring.BeanBuilder.invokeBeanDefiningClosure(BeanBuilder.java:754)
	at grails.spring.BeanBuilder.beans(BeanBuilder.java:584)
	at org.codehaus.groovy.grails.commons.spring.RuntimeSpringConfigUtilities.reloadSpringResourcesConfig(RuntimeSpringConfigUtilities.java:99)
	at org.codehaus.groovy.grails.commons.spring.RuntimeSpringConfigUtilities.loadExternalSpringConfig(RuntimeSpringConfigUtilities.java:77)
	at org.codehaus.groovy.grails.commons.spring.GrailsRuntimeConfigurator.loadExternalSpringConfig(GrailsRuntimeConfigurator.java:324)
	at org.codehaus.groovy.grails.commons.spring.GrailsRuntimeConfigurator$loadExternalSpringConfig.call(Unknown Source)
	at org.codehaus.groovy.runtime.callsite.CallSiteArray.defaultCall(CallSiteArray.java:45)
	at org.codehaus.groovy.runtime.callsite.AbstractCallSite.call(AbstractCallSite.java:108)
	at org.codehaus.groovy.runtime.callsite.AbstractCallSite.call(AbstractCallSite.java:120)
	at grails.plugin.hibernate4.HibernatePluginSupport.checkExternalBeans(HibernatePluginSupport.groovy:464)
	at sun.reflect.NativeMethodAccessorImpl.invoke0(Native Method)
	at sun.reflect.NativeMethodAccessorImpl.invoke(NativeMethodAccessorImpl.java:57)
	at sun.reflect.DelegatingMethodAccessorImpl.invoke(DelegatingMethodAccessorImpl.java:43)
	at java.lang.reflect.Method.invoke(Method.java:601)
	at org.springsource.loaded.ri.ReflectiveInterceptor.jlrMethodInvoke(ReflectiveInterceptor.java:1270)
	at org.codehaus.groovy.reflection.CachedMethod.invoke(CachedMethod.java:90)
	at groovy.lang.MetaMethod.doMethodInvoke(MetaMethod.java:324)
	at groovy.lang.MetaClassImpl.invokeMethod(MetaClassImpl.java:1207)
	at groovy.lang.ExpandoMetaClass.invokeMethod(ExpandoMetaClass.java:1110)
	at groovy.lang.MetaClassImpl.invokeMethod(MetaClassImpl.java:1016)
	at groovy.lang.MetaClassImpl.invokeMethod(MetaClassImpl.java:1152)
	at groovy.lang.ExpandoMetaClass.invokeMethod(ExpandoMetaClass.java:1110)
	at groovy.lang.MetaClassImpl.invokeMethod(MetaClassImpl.java:1016)
	at org.codehaus.groovy.runtime.callsite.PogoMetaClassSite.callCurrent(PogoMetaClassSite.java:66)
	at org.codehaus.groovy.runtime.callsite.CallSiteArray.defaultCallCurrent(CallSiteArray.java:49)
	at org.codehaus.groovy.runtime.callsite.AbstractCallSite.callCurrent(AbstractCallSite.java:133)
	at org.codehaus.groovy.runtime.callsite.AbstractCallSite.callCurrent(AbstractCallSite.java:141)
	at grails.plugin.hibernate4.HibernatePluginSupport$__clinit__closure1.doCall(HibernatePluginSupport.groovy:122)
	at grails.plugin.hibernate4.HibernatePluginSupport$__clinit__closure1.doCall(HibernatePluginSupport.groovy)
	at sun.reflect.NativeMethodAccessorImpl.invoke0(Native Method)
	at sun.reflect.NativeMethodAccessorImpl.invoke(NativeMethodAccessorImpl.java:57)
	at sun.reflect.DelegatingMethodAccessorImpl.invoke(DelegatingMethodAccessorImpl.java:43)
	at java.lang.reflect.Method.invoke(Method.java:601)
	at org.springsource.loaded.ri.ReflectiveInterceptor.jlrMethodInvoke(ReflectiveInterceptor.java:1270)
	at org.codehaus.groovy.reflection.CachedMethod.invoke(CachedMethod.java:90)
	at groovy.lang.MetaMethod.doMethodInvoke(MetaMethod.java:324)
	at groovy.lang.MetaClassImpl.invokeMethod(MetaClassImpl.java:1207)
	at groovy.lang.ExpandoMetaClass.invokeMethod(ExpandoMetaClass.java:1110)
	at groovy.lang.MetaClassImpl.invokeMethod(MetaClassImpl.java:1016)
	at groovy.lang.Closure.call(Closure.java:423)
	at groovy.lang.Closure.call(Closure.java:417)
	at grails.spring.BeanBuilder.invokeBeanDefiningClosure(BeanBuilder.java:754)
	at grails.spring.BeanBuilder.beans(BeanBuilder.java:584)
	at grails.spring.BeanBuilder.invokeMethod(BeanBuilder.java:527)
	at org.codehaus.groovy.grails.plugins.DefaultGrailsPlugin.doWithRuntimeConfiguration(DefaultGrailsPlugin.java:511)
	at org.codehaus.groovy.grails.plugins.AbstractGrailsPluginManager.doRuntimeConfiguration(AbstractGrailsPluginManager.java:123)
	at org.codehaus.groovy.grails.commons.spring.GrailsRuntimeConfigurator.configure(GrailsRuntimeConfigurator.java:154)
	at org.codehaus.groovy.grails.commons.spring.GrailsRuntimeConfigurator.configure(GrailsRuntimeConfigurator.java:127)
	at org.codehaus.groovy.grails.web.context.GrailsConfigUtils.configureWebApplicationContext(GrailsConfigUtils.java:126)
	at org.codehaus.groovy.grails.web.context.GrailsContextLoaderListener.initWebApplicationContext(GrailsContextLoaderListener.java:109)
	at org.springframework.web.context.ContextLoaderListener.contextInitialized(ContextLoaderListener.java:106)
	at org.apache.catalina.core.StandardContext.listenerStart(StandardContext.java:4992)
	at org.apache.catalina.core.StandardContext.startInternal(StandardContext.java:5490)
	at org.apache.catalina.util.LifecycleBase.start(LifecycleBase.java:150)
	at org.apache.catalina.core.ContainerBase$StartChild.call(ContainerBase.java:1575)
	at org.apache.catalina.core.ContainerBase$StartChild.call(ContainerBase.java:1565)
	at java.util.concurrent.FutureTask$Sync.innerRun(FutureTask.java:334)
	at java.util.concurrent.FutureTask.run(FutureTask.java:166)
	at java.util.concurrent.ThreadPoolExecutor.runWorker(ThreadPoolExecutor.java:1145)
	at java.util.concurrent.ThreadPoolExecutor$Worker.run(ThreadPoolExecutor.java:615)
	at java.lang.Thread.run(Thread.java:722)
2015-06-27 14:57:59,175 [localhost-startStop-1] ERROR StackTrace  - Full Stack Trace:
groovy.lang.MissingPropertyException: No such property: RegisterMarshallers for class: resources
	at resources$_run_closure1.doCall(resources.groovy:3)
	at grails.spring.BeanBuilder.invokeBeanDefiningClosure(BeanBuilder.java:754)
	at grails.spring.BeanBuilder.beans(BeanBuilder.java:584)
	at grails.plugin.hibernate4.HibernatePluginSupport.checkExternalBeans(HibernatePluginSupport.groovy:464)
	at grails.plugin.hibernate4.HibernatePluginSupport$__clinit__closure1.doCall(HibernatePluginSupport.groovy:122)
	at grails.spring.BeanBuilder.invokeBeanDefiningClosure(BeanBuilder.java:754)
	at grails.spring.BeanBuilder.beans(BeanBuilder.java:584)
	at grails.spring.BeanBuilder.invokeMethod(BeanBuilder.java:527)
	at java.util.concurrent.FutureTask$Sync.innerRun(FutureTask.java:334)
	at java.util.concurrent.FutureTask.run(FutureTask.java:166)
	at java.util.concurrent.ThreadPoolExecutor.runWorker(ThreadPoolExecutor.java:1145)
	at java.util.concurrent.ThreadPoolExecutor$Worker.run(ThreadPoolExecutor.java:615)
	at java.lang.Thread.run(Thread.java:722)
2015-06-27 14:57:59,176 [localhost-startStop-1] ERROR StackTrace  - Full Stack Trace:
groovy.lang.MissingPropertyException: No such property: RegisterMarshallers for class: resources
	at resources$_run_closure1.doCall(resources.groovy:3)
	at grails.spring.BeanBuilder.invokeBeanDefiningClosure(BeanBuilder.java:754)
	at grails.spring.BeanBuilder.beans(BeanBuilder.java:584)
	at grails.plugin.hibernate4.HibernatePluginSupport.checkExternalBeans(HibernatePluginSupport.groovy:464)
	at grails.plugin.hibernate4.HibernatePluginSupport$__clinit__closure1.doCall(HibernatePluginSupport.groovy:122)
	at grails.spring.BeanBuilder.invokeBeanDefiningClosure(BeanBuilder.java:754)
	at grails.spring.BeanBuilder.beans(BeanBuilder.java:584)
	at grails.spring.BeanBuilder.invokeMethod(BeanBuilder.java:527)
	at java.util.concurrent.FutureTask$Sync.innerRun(FutureTask.java:334)
	at java.util.concurrent.FutureTask.run(FutureTask.java:166)
	at java.util.concurrent.ThreadPoolExecutor.runWorker(ThreadPoolExecutor.java:1145)
	at java.util.concurrent.ThreadPoolExecutor$Worker.run(ThreadPoolExecutor.java:615)
	at java.lang.Thread.run(Thread.java:722)
2015-06-27 14:57:59,177 [localhost-startStop-1] ERROR StackTrace  - Full Stack Trace:
groovy.lang.MissingPropertyException: No such property: RegisterMarshallers for class: resources
	at resources$_run_closure1.doCall(resources.groovy:3)
	at grails.spring.BeanBuilder.invokeBeanDefiningClosure(BeanBuilder.java:754)
	at grails.spring.BeanBuilder.beans(BeanBuilder.java:584)
	at grails.plugin.hibernate4.HibernatePluginSupport.checkExternalBeans(HibernatePluginSupport.groovy:464)
	at grails.plugin.hibernate4.HibernatePluginSupport$__clinit__closure1.doCall(HibernatePluginSupport.groovy:122)
	at grails.spring.BeanBuilder.invokeBeanDefiningClosure(BeanBuilder.java:754)
	at grails.spring.BeanBuilder.beans(BeanBuilder.java:584)
	at grails.spring.BeanBuilder.invokeMethod(BeanBuilder.java:527)
	at java.util.concurrent.FutureTask$Sync.innerRun(FutureTask.java:334)
	at java.util.concurrent.FutureTask.run(FutureTask.java:166)
	at java.util.concurrent.ThreadPoolExecutor.runWorker(ThreadPoolExecutor.java:1145)
	at java.util.concurrent.ThreadPoolExecutor$Worker.run(ThreadPoolExecutor.java:615)
	at java.lang.Thread.run(Thread.java:722)
2015-06-27 14:59:44,769 [localhost-startStop-1] ERROR StackTrace  - Full Stack Trace:
groovy.lang.MissingPropertyException: No such property: RegisterMarshallers for class: resources
	at org.codehaus.groovy.runtime.ScriptBytecodeAdapter.unwrap(ScriptBytecodeAdapter.java:51)
	at org.codehaus.groovy.runtime.callsite.PogoGetPropertySite.getProperty(PogoGetPropertySite.java:49)
	at org.codehaus.groovy.runtime.callsite.AbstractCallSite.callGroovyObjectGetProperty(AbstractCallSite.java:231)
	at resources$_run_closure1.doCall(resources.groovy:3)
	at resources$_run_closure1.doCall(resources.groovy)
	at sun.reflect.NativeMethodAccessorImpl.invoke0(Native Method)
	at sun.reflect.NativeMethodAccessorImpl.invoke(NativeMethodAccessorImpl.java:57)
	at sun.reflect.DelegatingMethodAccessorImpl.invoke(DelegatingMethodAccessorImpl.java:43)
	at java.lang.reflect.Method.invoke(Method.java:601)
	at org.springsource.loaded.ri.ReflectiveInterceptor.jlrMethodInvoke(ReflectiveInterceptor.java:1270)
	at org.codehaus.groovy.reflection.CachedMethod.invoke(CachedMethod.java:90)
	at groovy.lang.MetaMethod.doMethodInvoke(MetaMethod.java:324)
	at groovy.lang.MetaClassImpl.invokeMethod(MetaClassImpl.java:1207)
	at groovy.lang.ExpandoMetaClass.invokeMethod(ExpandoMetaClass.java:1110)
	at groovy.lang.MetaClassImpl.invokeMethod(MetaClassImpl.java:1016)
	at groovy.lang.Closure.call(Closure.java:423)
	at resources$_run_closure1.call(resources.groovy)
	at groovy.lang.Closure.call(Closure.java:417)
	at resources$_run_closure1.call(resources.groovy)
	at grails.spring.BeanBuilder.invokeBeanDefiningClosure(BeanBuilder.java:754)
	at grails.spring.BeanBuilder.beans(BeanBuilder.java:584)
	at org.codehaus.groovy.grails.commons.spring.RuntimeSpringConfigUtilities.reloadSpringResourcesConfig(RuntimeSpringConfigUtilities.java:99)
	at org.codehaus.groovy.grails.commons.spring.RuntimeSpringConfigUtilities.loadExternalSpringConfig(RuntimeSpringConfigUtilities.java:77)
	at org.codehaus.groovy.grails.commons.spring.GrailsRuntimeConfigurator.loadExternalSpringConfig(GrailsRuntimeConfigurator.java:324)
	at org.codehaus.groovy.grails.commons.spring.GrailsRuntimeConfigurator$loadExternalSpringConfig.call(Unknown Source)
	at org.codehaus.groovy.runtime.callsite.CallSiteArray.defaultCall(CallSiteArray.java:45)
	at org.codehaus.groovy.runtime.callsite.AbstractCallSite.call(AbstractCallSite.java:108)
	at org.codehaus.groovy.runtime.callsite.AbstractCallSite.call(AbstractCallSite.java:120)
	at grails.plugin.hibernate4.HibernatePluginSupport.checkExternalBeans(HibernatePluginSupport.groovy:464)
	at sun.reflect.NativeMethodAccessorImpl.invoke0(Native Method)
	at sun.reflect.NativeMethodAccessorImpl.invoke(NativeMethodAccessorImpl.java:57)
	at sun.reflect.DelegatingMethodAccessorImpl.invoke(DelegatingMethodAccessorImpl.java:43)
	at java.lang.reflect.Method.invoke(Method.java:601)
	at org.springsource.loaded.ri.ReflectiveInterceptor.jlrMethodInvoke(ReflectiveInterceptor.java:1270)
	at org.codehaus.groovy.reflection.CachedMethod.invoke(CachedMethod.java:90)
	at groovy.lang.MetaMethod.doMethodInvoke(MetaMethod.java:324)
	at groovy.lang.MetaClassImpl.invokeMethod(MetaClassImpl.java:1207)
	at groovy.lang.ExpandoMetaClass.invokeMethod(ExpandoMetaClass.java:1110)
	at groovy.lang.MetaClassImpl.invokeMethod(MetaClassImpl.java:1016)
	at groovy.lang.MetaClassImpl.invokeMethod(MetaClassImpl.java:1152)
	at groovy.lang.ExpandoMetaClass.invokeMethod(ExpandoMetaClass.java:1110)
	at groovy.lang.MetaClassImpl.invokeMethod(MetaClassImpl.java:1016)
	at org.codehaus.groovy.runtime.callsite.PogoMetaClassSite.callCurrent(PogoMetaClassSite.java:66)
	at org.codehaus.groovy.runtime.callsite.CallSiteArray.defaultCallCurrent(CallSiteArray.java:49)
	at org.codehaus.groovy.runtime.callsite.AbstractCallSite.callCurrent(AbstractCallSite.java:133)
	at org.codehaus.groovy.runtime.callsite.AbstractCallSite.callCurrent(AbstractCallSite.java:141)
	at grails.plugin.hibernate4.HibernatePluginSupport$__clinit__closure1.doCall(HibernatePluginSupport.groovy:122)
	at grails.plugin.hibernate4.HibernatePluginSupport$__clinit__closure1.doCall(HibernatePluginSupport.groovy)
	at sun.reflect.NativeMethodAccessorImpl.invoke0(Native Method)
	at sun.reflect.NativeMethodAccessorImpl.invoke(NativeMethodAccessorImpl.java:57)
	at sun.reflect.DelegatingMethodAccessorImpl.invoke(DelegatingMethodAccessorImpl.java:43)
	at java.lang.reflect.Method.invoke(Method.java:601)
	at org.springsource.loaded.ri.ReflectiveInterceptor.jlrMethodInvoke(ReflectiveInterceptor.java:1270)
	at org.codehaus.groovy.reflection.CachedMethod.invoke(CachedMethod.java:90)
	at groovy.lang.MetaMethod.doMethodInvoke(MetaMethod.java:324)
	at groovy.lang.MetaClassImpl.invokeMethod(MetaClassImpl.java:1207)
	at groovy.lang.ExpandoMetaClass.invokeMethod(ExpandoMetaClass.java:1110)
	at groovy.lang.MetaClassImpl.invokeMethod(MetaClassImpl.java:1016)
	at groovy.lang.Closure.call(Closure.java:423)
	at groovy.lang.Closure.call(Closure.java:417)
	at grails.spring.BeanBuilder.invokeBeanDefiningClosure(BeanBuilder.java:754)
	at grails.spring.BeanBuilder.beans(BeanBuilder.java:584)
	at grails.spring.BeanBuilder.invokeMethod(BeanBuilder.java:527)
	at org.codehaus.groovy.grails.plugins.DefaultGrailsPlugin.doWithRuntimeConfiguration(DefaultGrailsPlugin.java:511)
	at org.codehaus.groovy.grails.plugins.AbstractGrailsPluginManager.doRuntimeConfiguration(AbstractGrailsPluginManager.java:123)
	at org.codehaus.groovy.grails.commons.spring.GrailsRuntimeConfigurator.configure(GrailsRuntimeConfigurator.java:154)
	at org.codehaus.groovy.grails.commons.spring.GrailsRuntimeConfigurator.configure(GrailsRuntimeConfigurator.java:127)
	at org.codehaus.groovy.grails.web.context.GrailsConfigUtils.configureWebApplicationContext(GrailsConfigUtils.java:126)
	at org.codehaus.groovy.grails.web.context.GrailsContextLoaderListener.initWebApplicationContext(GrailsContextLoaderListener.java:109)
	at org.springframework.web.context.ContextLoaderListener.contextInitialized(ContextLoaderListener.java:106)
	at org.apache.catalina.core.StandardContext.listenerStart(StandardContext.java:4992)
	at org.apache.catalina.core.StandardContext.startInternal(StandardContext.java:5490)
	at org.apache.catalina.util.LifecycleBase.start(LifecycleBase.java:150)
	at org.apache.catalina.core.ContainerBase$StartChild.call(ContainerBase.java:1575)
	at org.apache.catalina.core.ContainerBase$StartChild.call(ContainerBase.java:1565)
	at java.util.concurrent.FutureTask$Sync.innerRun(FutureTask.java:334)
	at java.util.concurrent.FutureTask.run(FutureTask.java:166)
	at java.util.concurrent.ThreadPoolExecutor.runWorker(ThreadPoolExecutor.java:1145)
	at java.util.concurrent.ThreadPoolExecutor$Worker.run(ThreadPoolExecutor.java:615)
	at java.lang.Thread.run(Thread.java:722)
2015-06-27 14:59:44,776 [localhost-startStop-1] ERROR StackTrace  - Full Stack Trace:
groovy.lang.MissingPropertyException: No such property: RegisterMarshallers for class: resources
	at resources$_run_closure1.doCall(resources.groovy:3)
	at grails.spring.BeanBuilder.invokeBeanDefiningClosure(BeanBuilder.java:754)
	at grails.spring.BeanBuilder.beans(BeanBuilder.java:584)
	at grails.plugin.hibernate4.HibernatePluginSupport.checkExternalBeans(HibernatePluginSupport.groovy:464)
	at grails.plugin.hibernate4.HibernatePluginSupport$__clinit__closure1.doCall(HibernatePluginSupport.groovy:122)
	at grails.spring.BeanBuilder.invokeBeanDefiningClosure(BeanBuilder.java:754)
	at grails.spring.BeanBuilder.beans(BeanBuilder.java:584)
	at grails.spring.BeanBuilder.invokeMethod(BeanBuilder.java:527)
	at java.util.concurrent.FutureTask$Sync.innerRun(FutureTask.java:334)
	at java.util.concurrent.FutureTask.run(FutureTask.java:166)
	at java.util.concurrent.ThreadPoolExecutor.runWorker(ThreadPoolExecutor.java:1145)
	at java.util.concurrent.ThreadPoolExecutor$Worker.run(ThreadPoolExecutor.java:615)
	at java.lang.Thread.run(Thread.java:722)
2015-06-27 14:59:44,777 [localhost-startStop-1] ERROR StackTrace  - Full Stack Trace:
groovy.lang.MissingPropertyException: No such property: RegisterMarshallers for class: resources
	at resources$_run_closure1.doCall(resources.groovy:3)
	at grails.spring.BeanBuilder.invokeBeanDefiningClosure(BeanBuilder.java:754)
	at grails.spring.BeanBuilder.beans(BeanBuilder.java:584)
	at grails.plugin.hibernate4.HibernatePluginSupport.checkExternalBeans(HibernatePluginSupport.groovy:464)
	at grails.plugin.hibernate4.HibernatePluginSupport$__clinit__closure1.doCall(HibernatePluginSupport.groovy:122)
	at grails.spring.BeanBuilder.invokeBeanDefiningClosure(BeanBuilder.java:754)
	at grails.spring.BeanBuilder.beans(BeanBuilder.java:584)
	at grails.spring.BeanBuilder.invokeMethod(BeanBuilder.java:527)
	at java.util.concurrent.FutureTask$Sync.innerRun(FutureTask.java:334)
	at java.util.concurrent.FutureTask.run(FutureTask.java:166)
	at java.util.concurrent.ThreadPoolExecutor.runWorker(ThreadPoolExecutor.java:1145)
	at java.util.concurrent.ThreadPoolExecutor$Worker.run(ThreadPoolExecutor.java:615)
	at java.lang.Thread.run(Thread.java:722)
2015-06-27 14:59:44,777 [localhost-startStop-1] ERROR StackTrace  - Full Stack Trace:
groovy.lang.MissingPropertyException: No such property: RegisterMarshallers for class: resources
	at resources$_run_closure1.doCall(resources.groovy:3)
	at grails.spring.BeanBuilder.invokeBeanDefiningClosure(BeanBuilder.java:754)
	at grails.spring.BeanBuilder.beans(BeanBuilder.java:584)
	at grails.plugin.hibernate4.HibernatePluginSupport.checkExternalBeans(HibernatePluginSupport.groovy:464)
	at grails.plugin.hibernate4.HibernatePluginSupport$__clinit__closure1.doCall(HibernatePluginSupport.groovy:122)
	at grails.spring.BeanBuilder.invokeBeanDefiningClosure(BeanBuilder.java:754)
	at grails.spring.BeanBuilder.beans(BeanBuilder.java:584)
	at grails.spring.BeanBuilder.invokeMethod(BeanBuilder.java:527)
	at java.util.concurrent.FutureTask$Sync.innerRun(FutureTask.java:334)
	at java.util.concurrent.FutureTask.run(FutureTask.java:166)
	at java.util.concurrent.ThreadPoolExecutor.runWorker(ThreadPoolExecutor.java:1145)
	at java.util.concurrent.ThreadPoolExecutor$Worker.run(ThreadPoolExecutor.java:615)
	at java.lang.Thread.run(Thread.java:722)
2015-06-27 15:08:58,245 [Thread-14] ERROR StackTrace  - Full Stack Trace:
java.lang.NullPointerException: Cannot get property 'cacheOperationSource' on null object
	at org.codehaus.groovy.runtime.NullObject.getProperty(NullObject.java:57)
	at org.codehaus.groovy.runtime.InvokerHelper.getProperty(InvokerHelper.java:168)
	at org.codehaus.groovy.runtime.callsite.NullCallSite.getProperty(NullCallSite.java:44)
	at org.codehaus.groovy.runtime.callsite.AbstractCallSite.callGetProperty(AbstractCallSite.java:227)
	at CacheGrailsPlugin$_closure4.doCall(CacheGrailsPlugin.groovy:184)
	at sun.reflect.NativeMethodAccessorImpl.invoke0(Native Method)
	at sun.reflect.NativeMethodAccessorImpl.invoke(NativeMethodAccessorImpl.java:57)
	at sun.reflect.DelegatingMethodAccessorImpl.invoke(DelegatingMethodAccessorImpl.java:43)
	at java.lang.reflect.Method.invoke(Method.java:601)
	at org.springsource.loaded.ri.ReflectiveInterceptor.jlrMethodInvoke(ReflectiveInterceptor.java:1270)
	at org.codehaus.groovy.reflection.CachedMethod.invoke(CachedMethod.java:90)
	at groovy.lang.MetaMethod.doMethodInvoke(MetaMethod.java:324)
	at groovy.lang.MetaClassImpl.invokeMethod(MetaClassImpl.java:1207)
	at groovy.lang.ExpandoMetaClass.invokeMethod(ExpandoMetaClass.java:1110)
	at groovy.lang.MetaClassImpl.invokeMethod(MetaClassImpl.java:1016)
	at groovy.lang.Closure.call(Closure.java:423)
	at CacheGrailsPlugin$_closure4.call(CacheGrailsPlugin.groovy)
	at org.codehaus.groovy.grails.plugins.DefaultGrailsPlugin.invokeOnChangeListener(DefaultGrailsPlugin.java:767)
	at org.codehaus.groovy.grails.plugins.DefaultGrailsPlugin.notifyOfEvent(DefaultGrailsPlugin.java:716)
	at org.codehaus.groovy.grails.plugins.DefaultGrailsPluginManager.informObservers(DefaultGrailsPluginManager.java:242)
	at org.codehaus.groovy.grails.plugins.DefaultGrailsPlugin.notifyOfEvent(DefaultGrailsPlugin.java:732)
	at org.codehaus.groovy.grails.plugins.AbstractGrailsPluginManager.informOfClassChange(AbstractGrailsPluginManager.java:408)
	at org.codehaus.groovy.grails.plugins.AbstractGrailsPluginManager.informOfFileChange(AbstractGrailsPluginManager.java:366)
	at org.codehaus.groovy.grails.project.compiler.GrailsProjectWatcher.informPluginManager(GrailsProjectWatcher.java:226)
	at org.codehaus.groovy.grails.project.compiler.GrailsProjectWatcher.access$400(GrailsProjectWatcher.java:48)
	at org.codehaus.groovy.grails.project.compiler.GrailsProjectWatcher$1.onNew(GrailsProjectWatcher.java:152)
	at org.codehaus.groovy.grails.compiler.AbstractDirectoryWatcher.fireOnNew(AbstractDirectoryWatcher.java:76)
	at org.codehaus.groovy.grails.compiler.WatchServiceDirectoryWatcher.run(WatchServiceDirectoryWatcher.java:95)
	at org.codehaus.groovy.grails.compiler.DirectoryWatcher.run(DirectoryWatcher.java:154)
	at org.codehaus.groovy.grails.project.compiler.GrailsProjectWatcher.run(GrailsProjectWatcher.java:161)
2015-06-27 15:08:58,250 [Thread-14] ERROR StackTrace  - Full Stack Trace:
java.lang.NullPointerException: Cannot get property 'cacheOperationSource' on null object
	at CacheGrailsPlugin$_closure4.doCall(CacheGrailsPlugin.groovy:184)
2015-06-27 15:08:58,256 [Thread-14] ERROR StackTrace  - Full Stack Trace:
java.lang.NullPointerException: Cannot get property 'cacheOperationSource' on null object
	at CacheGrailsPlugin$_closure4.doCall(CacheGrailsPlugin.groovy:184)
2015-06-27 15:08:58,256 [Thread-14] ERROR StackTrace  - Full Stack Trace:
java.lang.NullPointerException: Cannot get property 'cacheOperationSource' on null object
	at CacheGrailsPlugin$_closure4.doCall(CacheGrailsPlugin.groovy:184)
2015-06-27 15:18:48,264 [Thread-14] ERROR StackTrace  - Full Stack Trace:
java.lang.IllegalArgumentException: Dynamic method is<Artefact>Class(artefactClass) requires a single Class parameter
	at org.codehaus.groovy.grails.commons.DefaultGrailsApplication.invokeMethod(DefaultGrailsApplication.java:631)
	at org.codehaus.groovy.runtime.callsite.PogoMetaClassSite.call(PogoMetaClassSite.java:45)
	at org.codehaus.groovy.runtime.callsite.CallSiteArray.defaultCall(CallSiteArray.java:45)
	at org.codehaus.groovy.runtime.callsite.AbstractCallSite.call(AbstractCallSite.java:108)
	at org.codehaus.groovy.runtime.callsite.AbstractCallSite.call(AbstractCallSite.java:116)
	at CacheGrailsPlugin$_closure4.doCall(CacheGrailsPlugin.groovy:183)
	at sun.reflect.NativeMethodAccessorImpl.invoke0(Native Method)
	at sun.reflect.NativeMethodAccessorImpl.invoke(NativeMethodAccessorImpl.java:57)
	at sun.reflect.DelegatingMethodAccessorImpl.invoke(DelegatingMethodAccessorImpl.java:43)
	at java.lang.reflect.Method.invoke(Method.java:601)
	at org.springsource.loaded.ri.ReflectiveInterceptor.jlrMethodInvoke(ReflectiveInterceptor.java:1270)
	at org.codehaus.groovy.reflection.CachedMethod.invoke(CachedMethod.java:90)
	at groovy.lang.MetaMethod.doMethodInvoke(MetaMethod.java:324)
	at groovy.lang.MetaClassImpl.invokeMethod(MetaClassImpl.java:1207)
	at groovy.lang.ExpandoMetaClass.invokeMethod(ExpandoMetaClass.java:1110)
	at groovy.lang.MetaClassImpl.invokeMethod(MetaClassImpl.java:1016)
	at groovy.lang.Closure.call(Closure.java:423)
	at CacheGrailsPlugin$_closure4.call(CacheGrailsPlugin.groovy)
	at org.codehaus.groovy.grails.plugins.DefaultGrailsPlugin.invokeOnChangeListener(DefaultGrailsPlugin.java:767)
	at org.codehaus.groovy.grails.plugins.DefaultGrailsPlugin.notifyOfEvent(DefaultGrailsPlugin.java:716)
	at org.codehaus.groovy.grails.plugins.DefaultGrailsPluginManager.informObservers(DefaultGrailsPluginManager.java:242)
	at org.codehaus.groovy.grails.plugins.DefaultGrailsPlugin.notifyOfEvent(DefaultGrailsPlugin.java:732)
	at org.codehaus.groovy.grails.plugins.AbstractGrailsPluginManager.informOfClassChange(AbstractGrailsPluginManager.java:405)
	at org.codehaus.groovy.grails.plugins.AbstractGrailsPluginManager.informOfFileChange(AbstractGrailsPluginManager.java:366)
	at org.codehaus.groovy.grails.project.compiler.GrailsProjectWatcher.informPluginManager(GrailsProjectWatcher.java:226)
	at org.codehaus.groovy.grails.project.compiler.GrailsProjectWatcher.access$400(GrailsProjectWatcher.java:48)
	at org.codehaus.groovy.grails.project.compiler.GrailsProjectWatcher$1.onNew(GrailsProjectWatcher.java:152)
	at org.codehaus.groovy.grails.compiler.AbstractDirectoryWatcher.fireOnNew(AbstractDirectoryWatcher.java:76)
	at org.codehaus.groovy.grails.compiler.WatchServiceDirectoryWatcher.run(WatchServiceDirectoryWatcher.java:95)
	at org.codehaus.groovy.grails.compiler.DirectoryWatcher.run(DirectoryWatcher.java:154)
	at org.codehaus.groovy.grails.project.compiler.GrailsProjectWatcher.run(GrailsProjectWatcher.java:161)
2015-06-27 15:18:48,267 [Thread-14] ERROR StackTrace  - Full Stack Trace:
java.lang.IllegalArgumentException: Dynamic method is<Artefact>Class(artefactClass) requires a single Class parameter
	at CacheGrailsPlugin$_closure4.doCall(CacheGrailsPlugin.groovy:183)
2015-06-27 15:18:48,273 [Thread-14] ERROR StackTrace  - Full Stack Trace:
java.lang.IllegalArgumentException: Dynamic method is<Artefact>Class(artefactClass) requires a single Class parameter
	at CacheGrailsPlugin$_closure4.doCall(CacheGrailsPlugin.groovy:183)
2015-06-27 15:18:48,273 [Thread-14] ERROR StackTrace  - Full Stack Trace:
java.lang.IllegalArgumentException: Dynamic method is<Artefact>Class(artefactClass) requires a single Class parameter
	at CacheGrailsPlugin$_closure4.doCall(CacheGrailsPlugin.groovy:183)
2015-06-27 15:18:48,966 [Thread-8] ERROR StackTrace  - Full Stack Trace:
java.lang.IllegalArgumentException: Dynamic method is<Artefact>Class(artefactClass) requires a single Class parameter
	at org.codehaus.groovy.grails.commons.DefaultGrailsApplication.invokeMethod(DefaultGrailsApplication.java:631)
	at org.codehaus.groovy.runtime.callsite.PogoMetaClassSite.call(PogoMetaClassSite.java:45)
	at org.codehaus.groovy.runtime.callsite.CallSiteArray.defaultCall(CallSiteArray.java:45)
	at org.codehaus.groovy.runtime.callsite.AbstractCallSite.call(AbstractCallSite.java:108)
	at org.codehaus.groovy.runtime.callsite.AbstractCallSite.call(AbstractCallSite.java:116)
	at ScaffoldingGrailsPlugin$_closure3.doCall(ScaffoldingGrailsPlugin.groovy:103)
	at sun.reflect.NativeMethodAccessorImpl.invoke0(Native Method)
	at sun.reflect.NativeMethodAccessorImpl.invoke(NativeMethodAccessorImpl.java:57)
	at sun.reflect.DelegatingMethodAccessorImpl.invoke(DelegatingMethodAccessorImpl.java:43)
	at java.lang.reflect.Method.invoke(Method.java:601)
	at org.springsource.loaded.ri.OriginalClassInvoker.invoke(OriginalClassInvoker.java:47)
	at org.springsource.loaded.ri.ReflectiveInterceptor.jlrMethodInvoke(ReflectiveInterceptor.java:1299)
	at org.codehaus.groovy.reflection.CachedMethod.invoke(CachedMethod.java:90)
	at groovy.lang.MetaMethod.doMethodInvoke(MetaMethod.java:324)
	at groovy.lang.MetaClassImpl.invokeMethod(MetaClassImpl.java:1207)
	at groovy.lang.ExpandoMetaClass.invokeMethod(ExpandoMetaClass.java:1110)
	at groovy.lang.MetaClassImpl.invokeMethod(MetaClassImpl.java:1016)
	at groovy.lang.Closure.call(Closure.java:423)
	at ScaffoldingGrailsPlugin$_closure3.call(ScaffoldingGrailsPlugin.groovy)
	at org.codehaus.groovy.grails.plugins.DefaultGrailsPlugin.invokeOnChangeListener(DefaultGrailsPlugin.java:767)
	at org.codehaus.groovy.grails.plugins.DefaultGrailsPlugin.notifyOfEvent(DefaultGrailsPlugin.java:716)
	at org.codehaus.groovy.grails.plugins.DefaultGrailsPluginManager.informObservers(DefaultGrailsPluginManager.java:242)
	at org.codehaus.groovy.grails.plugins.DefaultGrailsPlugin.notifyOfEvent(DefaultGrailsPlugin.java:732)
	at org.codehaus.groovy.grails.plugins.AbstractGrailsPluginManager.informOfClassChange(AbstractGrailsPluginManager.java:405)
	at org.codehaus.groovy.grails.plugins.AbstractGrailsPluginManager.informOfFileChange(AbstractGrailsPluginManager.java:366)
	at org.codehaus.groovy.grails.project.compiler.GrailsProjectWatcher.informPluginManager(GrailsProjectWatcher.java:226)
	at org.codehaus.groovy.grails.project.compiler.GrailsProjectWatcher.access$400(GrailsProjectWatcher.java:48)
	at org.codehaus.groovy.grails.project.compiler.GrailsProjectWatcher$1.onNew(GrailsProjectWatcher.java:152)
	at org.codehaus.groovy.grails.compiler.AbstractDirectoryWatcher.fireOnNew(AbstractDirectoryWatcher.java:76)
	at org.codehaus.groovy.grails.compiler.WatchServiceDirectoryWatcher.run(WatchServiceDirectoryWatcher.java:95)
	at org.codehaus.groovy.grails.compiler.DirectoryWatcher.run(DirectoryWatcher.java:154)
	at org.codehaus.groovy.grails.project.compiler.GrailsProjectWatcher.run(GrailsProjectWatcher.java:161)
	at java_lang_Runnable$run.call(Unknown Source)
	at org.codehaus.groovy.runtime.callsite.CallSiteArray.defaultCall(CallSiteArray.java:45)
	at org.codehaus.groovy.runtime.callsite.AbstractCallSite.call(AbstractCallSite.java:108)
	at org.codehaus.groovy.runtime.callsite.AbstractCallSite.call(AbstractCallSite.java:112)
	at org.codehaus.groovy.grails.cli.fork.ForkedGrailsProcess.startProjectWatcher(ForkedGrailsProcess.groovy:748)
	at sun.reflect.NativeMethodAccessorImpl.invoke0(Native Method)
	at sun.reflect.NativeMethodAccessorImpl.invoke(NativeMethodAccessorImpl.java:57)
	at sun.reflect.DelegatingMethodAccessorImpl.invoke(DelegatingMethodAccessorImpl.java:43)
	at java.lang.reflect.Method.invoke(Method.java:601)
	at org.springsource.loaded.ri.ReflectiveInterceptor.jlrMethodInvoke(ReflectiveInterceptor.java:1270)
	at org.codehaus.groovy.reflection.CachedMethod.invoke(CachedMethod.java:90)
	at groovy.lang.MetaMethod.doMethodInvoke(MetaMethod.java:324)
	at groovy.lang.MetaClassImpl.invokeMethod(MetaClassImpl.java:1207)
	at groovy.lang.MetaClassImpl.invokeMethod(MetaClassImpl.java:1016)
	at groovy.lang.MetaClassImpl.invokeMethod(MetaClassImpl.java:1152)
	at groovy.lang.ExpandoMetaClass.invokeMethod(ExpandoMetaClass.java:1110)
	at groovy.lang.MetaClassImpl.invokeMethod(MetaClassImpl.java:1016)
	at org.codehaus.groovy.runtime.callsite.PogoMetaClassSite.callCurrent(PogoMetaClassSite.java:66)
	at org.codehaus.groovy.runtime.callsite.CallSiteArray.defaultCallCurrent(CallSiteArray.java:49)
	at org.codehaus.groovy.runtime.callsite.AbstractCallSite.callCurrent(AbstractCallSite.java:133)
	at org.codehaus.groovy.runtime.callsite.AbstractCallSite.callCurrent(AbstractCallSite.java:145)
	at org.codehaus.groovy.grails.cli.fork.ForkedGrailsProcess$_setupReloading_closure17.doCall(ForkedGrailsProcess.groovy:737)
	at org.codehaus.groovy.grails.cli.fork.ForkedGrailsProcess$_setupReloading_closure17.doCall(ForkedGrailsProcess.groovy)
	at sun.reflect.NativeMethodAccessorImpl.invoke0(Native Method)
	at sun.reflect.NativeMethodAccessorImpl.invoke(NativeMethodAccessorImpl.java:57)
	at sun.reflect.DelegatingMethodAccessorImpl.invoke(DelegatingMethodAccessorImpl.java:43)
	at java.lang.reflect.Method.invoke(Method.java:601)
	at org.springsource.loaded.ri.ReflectiveInterceptor.jlrMethodInvoke(ReflectiveInterceptor.java:1270)
	at org.codehaus.groovy.reflection.CachedMethod.invoke(CachedMethod.java:90)
	at groovy.lang.MetaMethod.doMethodInvoke(MetaMethod.java:324)
	at groovy.lang.MetaClassImpl.invokeMethod(MetaClassImpl.java:1207)
	at groovy.lang.ExpandoMetaClass.invokeMethod(ExpandoMetaClass.java:1110)
	at groovy.lang.MetaClassImpl.invokeMethod(MetaClassImpl.java:1016)
	at groovy.lang.Closure.call(Closure.java:423)
	at groovy.lang.Closure.call(Closure.java:417)
	at groovy.lang.Closure.run(Closure.java:504)
	at java.lang.Thread.run(Thread.java:722)
2015-06-27 15:18:48,978 [Thread-8] ERROR StackTrace  - Full Stack Trace:
java.lang.IllegalArgumentException: Dynamic method is<Artefact>Class(artefactClass) requires a single Class parameter
	at ScaffoldingGrailsPlugin$_closure3.doCall(ScaffoldingGrailsPlugin.groovy:103)
	at java.lang.Thread.run(Thread.java:722)
2015-06-27 15:18:48,978 [Thread-8] ERROR StackTrace  - Full Stack Trace:
java.lang.IllegalArgumentException: Dynamic method is<Artefact>Class(artefactClass) requires a single Class parameter
	at ScaffoldingGrailsPlugin$_closure3.doCall(ScaffoldingGrailsPlugin.groovy:103)
	at java.lang.Thread.run(Thread.java:722)
2015-06-27 15:18:48,978 [Thread-8] ERROR StackTrace  - Full Stack Trace:
java.lang.IllegalArgumentException: Dynamic method is<Artefact>Class(artefactClass) requires a single Class parameter
	at ScaffoldingGrailsPlugin$_closure3.doCall(ScaffoldingGrailsPlugin.groovy:103)
	at java.lang.Thread.run(Thread.java:722)
